   1              		.arch armv7-a
   2              		.eabi_attribute 27, 3
   3              		.eabi_attribute 28, 1
   4              		.fpu neon-vfpv4
   5              		.eabi_attribute 20, 1
   6              		.eabi_attribute 21, 1
   7              		.eabi_attribute 23, 3
   8              		.eabi_attribute 24, 1
   9              		.eabi_attribute 25, 1
  10              		.eabi_attribute 26, 1
  11              		.eabi_attribute 30, 2
  12              		.eabi_attribute 34, 1
  13              		.eabi_attribute 18, 4
  14              		.file	"main.c"
  15              		.text
  16              		.align	2
  17              		.global	delay
  19              	delay:
  20              		@ args = 0, pretend = 0, frame = 0
  21              		@ frame_needed = 0, uses_anonymous_args = 0
  22              		@ link register save eliminated.
  23 0000 1EFF2FE1 		bx	lr
  25              		.section	.text.startup,"ax",%progbits
  26              		.align	2
  27              		.global	main
  29              	main:
  30              		@ args = 0, pretend = 0, frame = 0
  31              		@ frame_needed = 0, uses_anonymous_args = 0
  32              		@ link register save eliminated.
  33 0000 0030A0E3 		mov	r3, #0
  34 0004 203F43E3 		movt	r3, 16160
  35 0008 012AA0E3 		mov	r2, #4096
  36 000c 082083E5 		str	r2, [r3, #8]
  37              	.L3:
  38 0010 1C2093E5 		ldr	r2, [r3, #28]
  39 0014 022582E3 		orr	r2, r2, #8388608
  40 0018 1C2083E5 		str	r2, [r3, #28]
  41 001c 282093E5 		ldr	r2, [r3, #40]
  42 0020 022582E3 		orr	r2, r2, #8388608
  43 0024 282083E5 		str	r2, [r3, #40]
  44 0028 F8FFFFEA 		b	.L3
  46              		.ident	"GCC: (GNU) 4.7.2"
