   1              		.arch armv7-a
   2              		.eabi_attribute 27, 3
   3              		.eabi_attribute 28, 1
   4              		.fpu neon-vfpv4
   5              		.eabi_attribute 20, 1
   6              		.eabi_attribute 21, 1
   7              		.eabi_attribute 23, 3
   8              		.eabi_attribute 24, 1
   9              		.eabi_attribute 25, 1
  10              		.eabi_attribute 26, 1
  11              		.eabi_attribute 30, 2
  12              		.eabi_attribute 34, 1
  13              		.eabi_attribute 18, 4
  14              		.file	"main.c"
  15              		.section	.text.startup,"ax",%progbits
  16              		.align	2
  17              		.global	main
  19              	main:
  20              		@ args = 0, pretend = 0, frame = 0
  21              		@ frame_needed = 0, uses_anonymous_args = 0
  22 0000 08402DE9 		stmfd	sp!, {r3, lr}
  23 0004 FEFFFFEB 		bl	init_uart
  24 0008 1C009FE5 		ldr	r0, .L4
  25 000c FEFFFFEB 		bl	put_string
  26 0010 14009FE5 		ldr	r0, .L4
  27 0014 FEFFFFEB 		bl	put_string
  28 0018 0C009FE5 		ldr	r0, .L4
  29 001c FEFFFFEB 		bl	put_string
  30 0020 04009FE5 		ldr	r0, .L4
  31 0024 FEFFFFEB 		bl	put_string
  32              	.L2:
  33 0028 FEFFFFEA 		b	.L2
  34              	.L5:
  35              		.align	2
  36              	.L4:
  37 002c 00000000 		.word	.LANCHOR0
  39              		.section	.rodata
  40              		.align	2
  41              		.set	.LANCHOR0,. + 0
  42              	.LC0:
  43 0000 48656C6C 		.ascii	"Hello, World!\015\012\000\000"
  43      6F2C2057 
  43      6F726C64 
  43      210D0A00 
  43      00
  44 0011 000000   		.ident	"GCC: (GNU) 4.7.2"
